<?xml version="1.0" encoding="UTF-8"?>
<!-- Generated by org.testng.reporters.JUnitXMLReporter -->
<testsuite ignored="0" hostname="DESKTOP-V8I7LSO" failures="0" tests="2" name="Default test" time="9.809" errors="0" timestamp="2024-02-21T18:32:15 AEDT">
  <testcase classname="test.TC25_26_ScrollupAndDownWithAndWithoutArrow" name="verifyScrollupWithArrow" time="0.301"/>
  <testcase classname="test.TC25_26_ScrollupAndDownWithAndWithoutArrow" name="verifyScrollupWithoutArrow" time="0.213"/>
</testsuite> <!-- Default test -->
