<?xml version="1.0" encoding="UTF-8"?>
<testng-results ignored="0" total="2" passed="2" failed="0" skipped="0">
  <reporter-output>
  </reporter-output>
  <suite started-at="2024-02-21T18:32:05 AEDT" name="Default suite" finished-at="2024-02-21T18:32:15 AEDT" duration-ms="9809">
    <groups>
    </groups>
    <test started-at="2024-02-21T18:32:05 AEDT" name="Default test" finished-at="2024-02-21T18:32:15 AEDT" duration-ms="9809">
      <class name="test.TC25_26_ScrollupAndDownWithAndWithoutArrow">
        <test-method is-config="true" signature="setup()[pri:0, instance:test.TC25_26_ScrollupAndDownWithAndWithoutArrow@52719fb6]" started-at="2024-02-21T18:32:05 AEDT" name="setup" finished-at="2024-02-21T18:32:14 AEDT" duration-ms="9094" status="PASS">
          <reporter-output>
          </reporter-output>
        </test-method> <!-- setup -->
        <test-method signature="verifyScrollupWithArrow()[pri:1, instance:test.TC25_26_ScrollupAndDownWithAndWithoutArrow@52719fb6]" started-at="2024-02-21T18:32:14 AEDT" name="verifyScrollupWithArrow" finished-at="2024-02-21T18:32:14 AEDT" duration-ms="301" status="PASS">
          <reporter-output>
          </reporter-output>
        </test-method> <!-- verifyScrollupWithArrow -->
        <test-method signature="verifyScrollupWithoutArrow()[pri:1, instance:test.TC25_26_ScrollupAndDownWithAndWithoutArrow@52719fb6]" started-at="2024-02-21T18:32:14 AEDT" name="verifyScrollupWithoutArrow" finished-at="2024-02-21T18:32:15 AEDT" duration-ms="213" status="PASS">
          <reporter-output>
          </reporter-output>
        </test-method> <!-- verifyScrollupWithoutArrow -->
        <test-method is-config="true" signature="closebrowser()[pri:0, instance:test.TC25_26_ScrollupAndDownWithAndWithoutArrow@52719fb6]" started-at="2024-02-21T18:32:15 AEDT" name="closebrowser" finished-at="2024-02-21T18:32:15 AEDT" duration-ms="175" status="PASS">
          <reporter-output>
          </reporter-output>
        </test-method> <!-- closebrowser -->
      </class> <!-- test.TC25_26_ScrollupAndDownWithAndWithoutArrow -->
    </test> <!-- Default test -->
  </suite> <!-- Default suite -->
</testng-results>
